0 info it worked if it ends with ok
1 verbose cli [ 'C:\\Program Files\\nodejs\\node.exe',
1 verbose cli   'C:\\Program Files\\nodejs\\node_modules\\npm\\bin\\npm-cli.js',
1 verbose cli   'start' ]
2 info using npm@3.10.3
3 info using node@v6.5.0
4 verbose run-script [ 'prestart', 'start', 'poststart' ]
5 info lifecycle rntest@1.0.0~prestart: rntest@1.0.0
6 silly lifecycle rntest@1.0.0~prestart: no script for prestart, continuing
7 info lifecycle rntest@1.0.0~start: rntest@1.0.0
8 verbose lifecycle rntest@1.0.0~start: unsafe-perm in lifecycle true
9 verbose lifecycle rntest@1.0.0~start: PATH: C:\Program Files\nodejs\node_modules\npm\bin\node-gyp-bin;D:\react\RnTest\node_modules\.bin;C:\Program Files\nodejs;C:\Perl64\site\bin;C:\Perl64\bin;C:\ProgramData\Oracle\Java\javapath;C:\Windows\system32;C:\Windows;C:\Windows\System32\Wbem;C:\Windows\System32\WindowsPowerShell\v1.0\;C:\Program Files\TortoiseSVN\bin;C:\Program Files\Darwin Streaming Server;C:\Program Files (x86)\MySQL\MySQL Server 5.5\bin;C:\ProgramData\chocolatey\bin;C:\tools\python2;C:\Program Files\nodejs\;D:\project\sdk\platform-tools;C:\Program Files\Android\Android Studio\gradle\gradle-2.8\bin;C:\Program Files\Java\jdk1.8.0_31\jre\bin;D:\project\server\apache-tomcat-7.0.52\bin;D:\project\server\apache-tomcat-7.0.52\lib;C:\Program Files\Android\Android Studio\gradle\gradle-2.8\bin;C:\Program Files\Java\jdk1.8.0_31\bin;D:\project\android-ndk-r10e;D:\project\server\nginx-1.8.0;D:\project\server\php;D:\project\reverse\apktool;D:\project\android-ndk-r10e'D:\project\reverse\dex2jar-0.0.9.15;C:\Program Files\Android\Android Studio\gradle\gradle-2.10\bin;D:\project\depot;D:\project\sdk\tools;C:\Users\Administrator\AppData\Roaming\npm;D:\react\softfware\curl\I386
10 verbose lifecycle rntest@1.0.0~start: CWD: D:\react\RnTest
11 silly lifecycle rntest@1.0.0~start: Args: [ '/d /s /c',
11 silly lifecycle   'node node_modules/react-native/local-cli/cli.js start' ]
12 silly lifecycle rntest@1.0.0~start: Returned: code: 11  signal: null
13 info lifecycle rntest@1.0.0~start: Failed to exec start script
14 verbose stack Error: rntest@1.0.0 start: `node node_modules/react-native/local-cli/cli.js start`
14 verbose stack Exit status 11
14 verbose stack     at EventEmitter.<anonymous> (C:\Program Files\nodejs\node_modules\npm\lib\utils\lifecycle.js:242:16)
14 verbose stack     at emitTwo (events.js:106:13)
14 verbose stack     at EventEmitter.emit (events.js:191:7)
14 verbose stack     at ChildProcess.<anonymous> (C:\Program Files\nodejs\node_modules\npm\lib\utils\spawn.js:40:14)
14 verbose stack     at emitTwo (events.js:106:13)
14 verbose stack     at ChildProcess.emit (events.js:191:7)
14 verbose stack     at maybeClose (internal/child_process.js:877:16)
14 verbose stack     at Process.ChildProcess._handle.onexit (internal/child_process.js:226:5)
15 verbose pkgid rntest@1.0.0
16 verbose cwd D:\react\RnTest
17 error Windows_NT 6.1.7601
18 error argv "C:\\Program Files\\nodejs\\node.exe" "C:\\Program Files\\nodejs\\node_modules\\npm\\bin\\npm-cli.js" "start"
19 error node v6.5.0
20 error npm  v3.10.3
21 error code ELIFECYCLE
22 error rntest@1.0.0 start: `node node_modules/react-native/local-cli/cli.js start`
22 error Exit status 11
23 error Failed at the rntest@1.0.0 start script 'node node_modules/react-native/local-cli/cli.js start'.
23 error Make sure you have the latest version of node.js and npm installed.
23 error If you do, this is most likely a problem with the rntest package,
23 error not with npm itself.
23 error Tell the author that this fails on your system:
23 error     node node_modules/react-native/local-cli/cli.js start
23 error You can get information on how to open an issue for this project with:
23 error     npm bugs rntest
23 error Or if that isn't available, you can get their info via:
23 error     npm owner ls rntest
23 error There is likely additional logging output above.
24 verbose exit [ 1, true ]
